# JRE version: Java(TM) SE Runtime Environment (8.0_72-b15) (build 1.8.0_72-b15)
# Java VM: Java HotSpot(TM) 64-Bit Server VM (25.72-b15 mixed mode windows-amd64 compressed oops)
Heap:
 PSYoungGen      total 120320K, used 95437K [0x00000000d5f00000, 0x00000000dee80000, 0x0000000100000000)
  eden space 117248K, 80% used [0x00000000d5f00000,0x00000000dbad3458,0x00000000dd180000)
  from space 3072K, 45% used [0x00000000dd180000,0x00000000dd2e0000,0x00000000dd480000)
  to   space 3072K, 0% used [0x00000000deb80000,0x00000000deb80000,0x00000000dee80000)
 ParOldGen       total 87552K, used 67648K [0x0000000081c00000, 0x0000000087180000, 0x00000000d5f00000)
  object space 87552K, 77% used [0x0000000081c00000,0x0000000085e10180,0x0000000087180000)
 Metaspace       used 14984K, capacity 15250K, committed 15488K, reserved 1062912K
  class space    used 1821K, capacity 1892K, committed 1920K, reserved 1048576K
GC Heap History (10 events):
Event: 495.839 GC heap before
{Heap before GC invocations=201 (full 0):
 PSYoungGen      total 120832K, used 120160K [0x00000000d5f00000, 0x00000000de400000, 0x0000000100000000)
  eden space 118784K, 100% used [0x00000000d5f00000,0x00000000dd300000,0x00000000dd300000)
  from space 2048K, 67% used [0x00000000dd500000,0x00000000dd658000,0x00000000dd700000)
  to   space 2048K, 0% used [0x00000000dd300000,0x00000000dd300000,0x00000000dd500000)
 ParOldGen       total 87552K, used 62560K [0x0000000081c00000, 0x0000000087180000, 0x00000000d5f00000)
  object space 87552K, 71% used [0x0000000081c00000,0x0000000085918170,0x0000000087180000)
 Metaspace       used 14958K, capacity 15186K, committed 15488K, reserved 1062912K
  class space    used 1819K, capacity 1892K, committed 1920K, reserved 1048576K
Event: 495.845 GC heap after
Heap after GC invocations=201 (full 0):
 PSYoungGen      total 115712K, used 1504K [0x00000000d5f00000, 0x00000000dd580000, 0x0000000100000000)
  eden space 114176K, 0% used [0x00000000d5f00000,0x00000000d5f00000,0x00000000dce80000)
  from space 1536K, 97% used [0x00000000dd300000,0x00000000dd478000,0x00000000dd480000)
  to   space 1024K, 0% used [0x00000000dd480000,0x00000000dd480000,0x00000000dd580000)
 ParOldGen       total 87552K, used 63240K [0x0000000081c00000, 0x0000000087180000, 0x00000000d5f00000)
  object space 87552K, 72% used [0x0000000081c00000,0x00000000859c2170,0x0000000087180000)
 Metaspace       used 14958K, capacity 15186K, committed 15488K, reserved 1062912K
  class space    used 1819K, capacity 1892K, committed 1920K, reserved 1048576K
}
Event: 506.925 GC heap before
{Heap before GC invocations=202 (full 0):
 PSYoungGen      total 115712K, used 115680K [0x00000000d5f00000, 0x00000000dd580000, 0x0000000100000000)
  eden space 114176K, 100% used [0x00000000d5f00000,0x00000000dce80000,0x00000000dce80000)
  from space 1536K, 97% used [0x00000000dd300000,0x00000000dd478000,0x00000000dd480000)
  to   space 1024K, 0% used [0x00000000dd480000,0x00000000dd480000,0x00000000dd580000)
 ParOldGen       total 87552K, used 63240K [0x0000000081c00000, 0x0000000087180000, 0x00000000d5f00000)
  object space 87552K, 72% used [0x0000000081c00000,0x00000000859c2170,0x0000000087180000)
 Metaspace       used 14958K, capacity 15186K, committed 15488K, reserved 1062912K
  class space    used 1819K, capacity 1892K, committed 1920K, reserved 1048576K
Event: 507.260 GC heap after
Heap after GC invocations=202 (full 0):
 PSYoungGen      total 118784K, used 1024K [0x00000000d5f00000, 0x00000000dea00000, 0x0000000100000000)
  eden space 117760K, 0% used [0x00000000d5f00000,0x00000000d5f00000,0x00000000dd200000)
  from space 1024K, 100% used [0x00000000dd480000,0x00000000dd580000,0x00000000dd580000)
  to   space 2560K, 0% used [0x00000000dd200000,0x00000000dd200000,0x00000000dd480000)
 ParOldGen       total 87552K, used 64360K [0x0000000081c00000, 0x0000000087180000, 0x00000000d5f00000)
  object space 87552K, 73% used [0x0000000081c00000,0x0000000085ada170,0x0000000087180000)
 Metaspace       used 14958K, capacity 15186K, committed 15488K, reserved 1062912K
  class space    used 1819K, capacity 1892K, committed 1920K, reserved 1048576K
}
Event: 521.899 GC heap before
{Heap before GC invocations=203 (full 0):
 PSYoungGen      total 118784K, used 118784K [0x00000000d5f00000, 0x00000000dea00000, 0x0000000100000000)
  eden space 117760K, 100% used [0x00000000d5f00000,0x00000000dd200000,0x00000000dd200000)
  from space 1024K, 100% used [0x00000000dd480000,0x00000000dd580000,0x00000000dd580000)
  to   space 2560K, 0% used [0x00000000dd200000,0x00000000dd200000,0x00000000dd480000)
 ParOldGen       total 87552K, used 64360K [0x0000000081c00000, 0x0000000087180000, 0x00000000d5f00000)
  object space 87552K, 73% used [0x0000000081c00000,0x0000000085ada170,0x0000000087180000)
 Metaspace       used 14958K, capacity 15186K, committed 15488K, reserved 1062912K
  class space    used 1819K, capacity 1892K, committed 1920K, reserved 1048576K
Event: 521.904 GC heap after
Heap after GC invocations=203 (full 0):
 PSYoungGen      total 116224K, used 2080K [0x00000000d5f00000, 0x00000000dd500000, 0x0000000100000000)
  eden space 113664K, 0% used [0x00000000d5f00000,0x00000000d5f00000,0x00000000dce00000)
  from space 2560K, 81% used [0x00000000dd200000,0x00000000dd408010,0x00000000dd480000)
  to   space 512K, 0% used [0x00000000dd480000,0x00000000dd480000,0x00000000dd500000)
 ParOldGen       total 87552K, used 65072K [0x0000000081c00000, 0x0000000087180000, 0x00000000d5f00000)
  object space 87552K, 74% used [0x0000000081c00000,0x0000000085b8c170,0x0000000087180000)
 Metaspace       used 14958K, capacity 15186K, committed 15488K, reserved 1062912K
  class space    used 1819K, capacity 1892K, committed 1920K, reserved 1048576K
}
Event: 533.401 GC heap before
{Heap before GC invocations=204 (full 0):
 PSYoungGen      total 116224K, used 115744K [0x00000000d5f00000, 0x00000000dd500000, 0x0000000100000000)
  eden space 113664K, 100% used [0x00000000d5f00000,0x00000000dce00000,0x00000000dce00000)
  from space 2560K, 81% used [0x00000000dd200000,0x00000000dd408010,0x00000000dd480000)
  to   space 512K, 0% used [0x00000000dd480000,0x00000000dd480000,0x00000000dd500000)
 ParOldGen       total 87552K, used 65072K [0x0000000081c00000, 0x0000000087180000, 0x00000000d5f00000)
  object space 87552K, 74% used [0x0000000081c00000,0x0000000085b8c170,0x0000000087180000)
 Metaspace       used 14958K, capacity 15186K, committed 15488K, reserved 1062912K
  class space    used 1819K, capacity 1892K, committed 1920K, reserved 1048576K
Event: 533.584 GC heap after
Heap after GC invocations=204 (full 0):
 PSYoungGen      total 117760K, used 512K [0x00000000d5f00000, 0x00000000dea80000, 0x0000000100000000)
  eden space 117248K, 0% used [0x00000000d5f00000,0x00000000d5f00000,0x00000000dd180000)
  from space 512K, 100% used [0x00000000dd480000,0x00000000dd500000,0x00000000dd500000)
  to   space 3072K, 0% used [0x00000000dd180000,0x00000000dd180000,0x00000000dd480000)
 ParOldGen       total 87552K, used 67248K [0x0000000081c00000, 0x0000000087180000, 0x00000000d5f00000)
  object space 87552K, 76% used [0x0000000081c00000,0x0000000085dac180,0x0000000087180000)
 Metaspace       used 14958K, capacity 15186K, committed 15488K, reserved 1062912K
  class space    used 1819K, capacity 1892K, committed 1920K, reserved 1048576K
}
Event: 547.661 GC heap before
{Heap before GC invocations=205 (full 0):
 PSYoungGen      total 117760K, used 117760K [0x00000000d5f00000, 0x00000000dea80000, 0x0000000100000000)
  eden space 117248K, 100% used [0x00000000d5f00000,0x00000000dd180000,0x00000000dd180000)
  from space 512K, 100% used [0x00000000dd480000,0x00000000dd500000,0x00000000dd500000)
  to   space 3072K, 0% used [0x00000000dd180000,0x00000000dd180000,0x00000000dd480000)
 ParOldGen       total 87552K, used 67248K [0x0000000081c00000, 0x0000000087180000, 0x00000000d5f00000)
  object space 87552K, 76% used [0x0000000081c00000,0x0000000085dac180,0x0000000087180000)
 Metaspace       used 14958K, capacity 15186K, committed 15488K, reserved 1062912K
  class space    used 1819K, capacity 1892K, committed 1920K, reserved 1048576K
Event: 547.829 GC heap after
Heap after GC invocations=205 (full 0):
 PSYoungGen      total 120320K, used 1408K [0x00000000d5f00000, 0x00000000dee80000, 0x0000000100000000)
  eden space 117248K, 0% used [0x00000000d5f00000,0x00000000d5f00000,0x00000000dd180000)
  from space 3072K, 45% used [0x00000000dd180000,0x00000000dd2e0000,0x00000000dd480000)
  to   space 3072K, 0% used [0x00000000deb80000,0x00000000deb80000,0x00000000dee80000)
 ParOldGen       total 87552K, used 67648K [0x0000000081c00000, 0x0000000087180000, 0x00000000d5f00000)
  object space 87552K, 77% used [0x0000000081c00000,0x0000000085e10180,0x0000000087180000)
 Metaspace       used 14958K, capacity 15186K, committed 15488K, reserved 1062912K
  class space    used 1819K, capacity 1892K, committed 1920K, reserved 1048576K
}

